This is pdfTeX, Version 3.14159265-2.6-1.40.20 (TeX Live 2019) (preloaded format=pdflatex 2020.2.16)  14 DEC 2021 15:37
entering extended mode
 restricted \write18 enabled.
 %&-line parsing enabled.
**Isachenko2021Supplementary.tex
(./Isachenko2021Supplementary.tex
LaTeX2e <2018-12-01>
(../utils/preamble.tex
(/usr/local/texlive/2019/texmf-dist/tex/latex/beamer/beamer.cls
Document Class: beamer 2018/12/02 v3.55 A class for typesetting presentations
(/usr/local/texlive/2019/texmf-dist/tex/latex/beamer/beamerbasemodes.sty
(/usr/local/texlive/2019/texmf-dist/tex/latex/etoolbox/etoolbox.sty
Package: etoolbox 2018/08/19 v2.5f e-TeX tools for LaTeX (JAW)
\etb@tempcnta=\count80
)
\beamer@tempbox=\box27
\beamer@tempcount=\count81
\c@beamerpauses=\count82

(/usr/local/texlive/2019/texmf-dist/tex/latex/beamer/beamerbasedecode.sty
\beamer@slideinframe=\count83
\beamer@minimum=\count84
)
\beamer@commentbox=\box28
\beamer@modecount=\count85
)
(/usr/local/texlive/2019/texmf-dist/tex/generic/oberdiek/ifpdf.sty
Package: ifpdf 2018/09/07 v3.3 Provides the ifpdf switch
)
\headdp=\dimen102
\footheight=\dimen103
\sidebarheight=\dimen104
\beamer@tempdim=\dimen105
\beamer@finalheight=\dimen106
\beamer@animht=\dimen107
\beamer@animdp=\dimen108
\beamer@animwd=\dimen109
\beamer@leftmargin=\dimen110
\beamer@rightmargin=\dimen111
\beamer@leftsidebar=\dimen112
\beamer@rightsidebar=\dimen113
\beamer@boxsize=\dimen114
\beamer@vboxoffset=\dimen115
\beamer@descdefault=\dimen116
\beamer@descriptionwidth=\dimen117
\beamer@lastskip=\skip41
\beamer@areabox=\box29
\beamer@animcurrent=\box30
\beamer@animshowbox=\box31
\beamer@sectionbox=\box32
\beamer@logobox=\box33
\beamer@linebox=\box34
\beamer@sectioncount=\count86
\beamer@subsubsectionmax=\count87
\beamer@subsectionmax=\count88
\beamer@sectionmax=\count89
\beamer@totalheads=\count90
\beamer@headcounter=\count91
\beamer@partstartpage=\count92
\beamer@sectionstartpage=\count93
\beamer@subsectionstartpage=\count94
\beamer@animationtempa=\count95
\beamer@animationtempb=\count96
\beamer@xpos=\count97
\beamer@ypos=\count98
\beamer@ypos@offset=\count99
\beamer@showpartnumber=\count100
\beamer@currentsubsection=\count101
\beamer@coveringdepth=\count102
\beamer@sectionadjust=\count103
\beamer@tocsectionnumber=\count104

(/usr/local/texlive/2019/texmf-dist/tex/latex/beamer/beamerbaseoptions.sty
(/usr/local/texlive/2019/texmf-dist/tex/latex/graphics/keyval.sty
Package: keyval 2014/10/28 v1.15 key=value parser (DPC)
\KV@toks@=\toks14
))
\beamer@paperwidth=\skip42
\beamer@paperheight=\skip43

(/usr/local/texlive/2019/texmf-dist/tex/latex/geometry/geometry.sty
Package: geometry 2018/04/16 v5.8 Page Geometry

(/usr/local/texlive/2019/texmf-dist/tex/generic/oberdiek/ifvtex.sty
Package: ifvtex 2016/05/16 v1.6 Detect VTeX and its facilities (HO)
Package ifvtex Info: VTeX not detected.
)
(/usr/local/texlive/2019/texmf-dist/tex/generic/ifxetex/ifxetex.sty
Package: ifxetex 2010/09/12 v0.6 Provides ifxetex conditional
)
\Gm@cnth=\count105
\Gm@cntv=\count106
\c@Gm@tempcnt=\count107
\Gm@bindingoffset=\dimen118
\Gm@wd@mp=\dimen119
\Gm@odd@mp=\dimen120
\Gm@even@mp=\dimen121
\Gm@layoutwidth=\dimen122
\Gm@layoutheight=\dimen123
\Gm@layouthoffset=\dimen124
\Gm@layoutvoffset=\dimen125
\Gm@dimlist=\toks15
)
(/usr/local/texlive/2019/texmf-dist/tex/latex/base/size11.clo
File: size11.clo 2018/09/03 v1.4i Standard LaTeX file (size option)
)
(/usr/local/texlive/2019/texmf-dist/tex/latex/pgf/basiclayer/pgfcore.sty
(/usr/local/texlive/2019/texmf-dist/tex/latex/graphics/graphicx.sty
Package: graphicx 2017/06/01 v1.1a Enhanced LaTeX Graphics (DPC,SPQR)

(/usr/local/texlive/2019/texmf-dist/tex/latex/graphics/graphics.sty
Package: graphics 2017/06/25 v1.2c Standard LaTeX Graphics (DPC,SPQR)

(/usr/local/texlive/2019/texmf-dist/tex/latex/graphics/trig.sty
Package: trig 2016/01/03 v1.10 sin cos tan (DPC)
)
(/usr/local/texlive/2019/texmf-dist/tex/latex/graphics-cfg/graphics.cfg
File: graphics.cfg 2016/06/04 v1.11 sample graphics configuration
)
Package graphics Info: Driver file: pdftex.def on input line 99.

(/usr/local/texlive/2019/texmf-dist/tex/latex/graphics-def/pdftex.def
File: pdftex.def 2018/01/08 v1.0l Graphics/color driver for pdftex
))
\Gin@req@height=\dimen126
\Gin@req@width=\dimen127
)
(/usr/local/texlive/2019/texmf-dist/tex/latex/pgf/systemlayer/pgfsys.sty
(/usr/local/texlive/2019/texmf-dist/tex/latex/pgf/utilities/pgfrcs.sty
(/usr/local/texlive/2019/texmf-dist/tex/generic/pgf/utilities/pgfutil-common.te
x
\pgfutil@everybye=\toks16
\pgfutil@tempdima=\dimen128
\pgfutil@tempdimb=\dimen129

(/usr/local/texlive/2019/texmf-dist/tex/generic/pgf/utilities/pgfutil-common-li
sts.tex))
(/usr/local/texlive/2019/texmf-dist/tex/generic/pgf/utilities/pgfutil-latex.def
\pgfutil@abb=\box35
(/usr/local/texlive/2019/texmf-dist/tex/latex/ms/everyshi.sty
Package: everyshi 2001/05/15 v3.00 EveryShipout Package (MS)
))
(/usr/local/texlive/2019/texmf-dist/tex/generic/pgf/utilities/pgfrcs.code.tex
(/usr/local/texlive/2019/texmf-dist/tex/generic/pgf/pgf.revision.tex)
Package: pgfrcs 2019/04/04 v3.1.2 (3.1.2)
))
(/usr/local/texlive/2019/texmf-dist/tex/generic/pgf/systemlayer/pgfsys.code.tex
Package: pgfsys 2019/04/04 v3.1.2 (3.1.2)
(/usr/local/texlive/2019/texmf-dist/tex/generic/pgf/utilities/pgfkeys.code.tex
\pgfkeys@pathtoks=\toks17
\pgfkeys@temptoks=\toks18

(/usr/local/texlive/2019/texmf-dist/tex/generic/pgf/utilities/pgfkeysfiltered.c
ode.tex
\pgfkeys@tmptoks=\toks19
))
\pgf@x=\dimen130
\pgf@y=\dimen131
\pgf@xa=\dimen132
\pgf@ya=\dimen133
\pgf@xb=\dimen134
\pgf@yb=\dimen135
\pgf@xc=\dimen136
\pgf@yc=\dimen137
\w@pgf@writea=\write3
\r@pgf@reada=\read1
\c@pgf@counta=\count108
\c@pgf@countb=\count109
\c@pgf@countc=\count110
\c@pgf@countd=\count111
\t@pgf@toka=\toks20
\t@pgf@tokb=\toks21
\t@pgf@tokc=\toks22
\pgf@sys@id@count=\count112

(/usr/local/texlive/2019/texmf-dist/tex/generic/pgf/systemlayer/pgf.cfg
File: pgf.cfg 2019/04/04 v3.1.2 (3.1.2)
)
Driver file for pgf: pgfsys-pdftex.def

(/usr/local/texlive/2019/texmf-dist/tex/generic/pgf/systemlayer/pgfsys-pdftex.d
ef
File: pgfsys-pdftex.def 2019/04/04 v3.1.2 (3.1.2)

(/usr/local/texlive/2019/texmf-dist/tex/generic/pgf/systemlayer/pgfsys-common-p
df.def
File: pgfsys-common-pdf.def 2019/04/04 v3.1.2 (3.1.2)
)))
(/usr/local/texlive/2019/texmf-dist/tex/generic/pgf/systemlayer/pgfsyssoftpath.
code.tex
File: pgfsyssoftpath.code.tex 2019/04/04 v3.1.2 (3.1.2)
\pgfsyssoftpath@smallbuffer@items=\count113
\pgfsyssoftpath@bigbuffer@items=\count114
)
(/usr/local/texlive/2019/texmf-dist/tex/generic/pgf/systemlayer/pgfsysprotocol.
code.tex
File: pgfsysprotocol.code.tex 2019/04/04 v3.1.2 (3.1.2)
)) (/usr/local/texlive/2019/texmf-dist/tex/latex/xcolor/xcolor.sty
Package: xcolor 2016/05/11 v2.12 LaTeX color extensions (UK)

(/usr/local/texlive/2019/texmf-dist/tex/latex/graphics-cfg/color.cfg
File: color.cfg 2016/01/02 v1.6 sample color configuration
)
Package xcolor Info: Driver file: pdftex.def on input line 225.
Package xcolor Info: Model `cmy' substituted by `cmy0' on input line 1348.
Package xcolor Info: Model `hsb' substituted by `rgb' on input line 1352.
Package xcolor Info: Model `RGB' extended on input line 1364.
Package xcolor Info: Model `HTML' substituted by `rgb' on input line 1366.
Package xcolor Info: Model `Hsb' substituted by `hsb' on input line 1367.
Package xcolor Info: Model `tHsb' substituted by `hsb' on input line 1368.
Package xcolor Info: Model `HSB' substituted by `hsb' on input line 1369.
Package xcolor Info: Model `Gray' substituted by `gray' on input line 1370.
Package xcolor Info: Model `wave' substituted by `hsb' on input line 1371.
)
(/usr/local/texlive/2019/texmf-dist/tex/generic/pgf/basiclayer/pgfcore.code.tex
Package: pgfcore 2019/04/04 v3.1.2 (3.1.2)
(/usr/local/texlive/2019/texmf-dist/tex/generic/pgf/math/pgfmath.code.tex
(/usr/local/texlive/2019/texmf-dist/tex/generic/pgf/math/pgfmathcalc.code.tex
(/usr/local/texlive/2019/texmf-dist/tex/generic/pgf/math/pgfmathutil.code.tex)
(/usr/local/texlive/2019/texmf-dist/tex/generic/pgf/math/pgfmathparser.code.tex
\pgfmath@dimen=\dimen138
\pgfmath@count=\count115
\pgfmath@box=\box36
\pgfmath@toks=\toks23
\pgfmath@stack@operand=\toks24
\pgfmath@stack@operation=\toks25
)
(/usr/local/texlive/2019/texmf-dist/tex/generic/pgf/math/pgfmathfunctions.code.
tex
(/usr/local/texlive/2019/texmf-dist/tex/generic/pgf/math/pgfmathfunctions.basic
.code.tex)
(/usr/local/texlive/2019/texmf-dist/tex/generic/pgf/math/pgfmathfunctions.trigo
nometric.code.tex)
(/usr/local/texlive/2019/texmf-dist/tex/generic/pgf/math/pgfmathfunctions.rando
m.code.tex)
(/usr/local/texlive/2019/texmf-dist/tex/generic/pgf/math/pgfmathfunctions.compa
rison.code.tex)
(/usr/local/texlive/2019/texmf-dist/tex/generic/pgf/math/pgfmathfunctions.base.
code.tex)
(/usr/local/texlive/2019/texmf-dist/tex/generic/pgf/math/pgfmathfunctions.round
.code.tex)
(/usr/local/texlive/2019/texmf-dist/tex/generic/pgf/math/pgfmathfunctions.misc.
code.tex)
(/usr/local/texlive/2019/texmf-dist/tex/generic/pgf/math/pgfmathfunctions.integ
erarithmetics.code.tex)))
(/usr/local/texlive/2019/texmf-dist/tex/generic/pgf/math/pgfmathfloat.code.tex
\c@pgfmathroundto@lastzeros=\count116
))
(/usr/local/texlive/2019/texmf-dist/tex/generic/pgf/basiclayer/pgfcorepoints.co
de.tex
File: pgfcorepoints.code.tex 2019/04/04 v3.1.2 (3.1.2)
\pgf@picminx=\dimen139
\pgf@picmaxx=\dimen140
\pgf@picminy=\dimen141
\pgf@picmaxy=\dimen142
\pgf@pathminx=\dimen143
\pgf@pathmaxx=\dimen144
\pgf@pathminy=\dimen145
\pgf@pathmaxy=\dimen146
\pgf@xx=\dimen147
\pgf@xy=\dimen148
\pgf@yx=\dimen149
\pgf@yy=\dimen150
\pgf@zx=\dimen151
\pgf@zy=\dimen152
)
(/usr/local/texlive/2019/texmf-dist/tex/generic/pgf/basiclayer/pgfcorepathconst
ruct.code.tex
File: pgfcorepathconstruct.code.tex 2019/04/04 v3.1.2 (3.1.2)
\pgf@path@lastx=\dimen153
\pgf@path@lasty=\dimen154
)
(/usr/local/texlive/2019/texmf-dist/tex/generic/pgf/basiclayer/pgfcorepathusage
.code.tex
File: pgfcorepathusage.code.tex 2019/04/04 v3.1.2 (3.1.2)
\pgf@shorten@end@additional=\dimen155
\pgf@shorten@start@additional=\dimen156
)
(/usr/local/texlive/2019/texmf-dist/tex/generic/pgf/basiclayer/pgfcorescopes.co
de.tex
File: pgfcorescopes.code.tex 2019/04/04 v3.1.2 (3.1.2)
\pgfpic=\box37
\pgf@hbox=\box38
\pgf@layerbox@main=\box39
\pgf@picture@serial@count=\count117
)
(/usr/local/texlive/2019/texmf-dist/tex/generic/pgf/basiclayer/pgfcoregraphicst
ate.code.tex
File: pgfcoregraphicstate.code.tex 2019/04/04 v3.1.2 (3.1.2)
\pgflinewidth=\dimen157
)
(/usr/local/texlive/2019/texmf-dist/tex/generic/pgf/basiclayer/pgfcoretransform
ations.code.tex
File: pgfcoretransformations.code.tex 2019/04/04 v3.1.2 (3.1.2)
\pgf@pt@x=\dimen158
\pgf@pt@y=\dimen159
\pgf@pt@temp=\dimen160
)
(/usr/local/texlive/2019/texmf-dist/tex/generic/pgf/basiclayer/pgfcorequick.cod
e.tex
File: pgfcorequick.code.tex 2019/04/04 v3.1.2 (3.1.2)
)
(/usr/local/texlive/2019/texmf-dist/tex/generic/pgf/basiclayer/pgfcoreobjects.c
ode.tex
File: pgfcoreobjects.code.tex 2019/04/04 v3.1.2 (3.1.2)
)
(/usr/local/texlive/2019/texmf-dist/tex/generic/pgf/basiclayer/pgfcorepathproce
ssing.code.tex
File: pgfcorepathprocessing.code.tex 2019/04/04 v3.1.2 (3.1.2)
)
(/usr/local/texlive/2019/texmf-dist/tex/generic/pgf/basiclayer/pgfcorearrows.co
de.tex
File: pgfcorearrows.code.tex 2019/04/04 v3.1.2 (3.1.2)
\pgfarrowsep=\dimen161
)
(/usr/local/texlive/2019/texmf-dist/tex/generic/pgf/basiclayer/pgfcoreshade.cod
e.tex
File: pgfcoreshade.code.tex 2019/04/04 v3.1.2 (3.1.2)
\pgf@max=\dimen162
\pgf@sys@shading@range@num=\count118
\pgf@shadingcount=\count119
)
(/usr/local/texlive/2019/texmf-dist/tex/generic/pgf/basiclayer/pgfcoreimage.cod
e.tex
File: pgfcoreimage.code.tex 2019/04/04 v3.1.2 (3.1.2)

(/usr/local/texlive/2019/texmf-dist/tex/generic/pgf/basiclayer/pgfcoreexternal.
code.tex
File: pgfcoreexternal.code.tex 2019/04/04 v3.1.2 (3.1.2)
\pgfexternal@startupbox=\box40
))
(/usr/local/texlive/2019/texmf-dist/tex/generic/pgf/basiclayer/pgfcorelayers.co
de.tex
File: pgfcorelayers.code.tex 2019/04/04 v3.1.2 (3.1.2)
)
(/usr/local/texlive/2019/texmf-dist/tex/generic/pgf/basiclayer/pgfcoretranspare
ncy.code.tex
File: pgfcoretransparency.code.tex 2019/04/04 v3.1.2 (3.1.2)
)
(/usr/local/texlive/2019/texmf-dist/tex/generic/pgf/basiclayer/pgfcorepatterns.
code.tex
File: pgfcorepatterns.code.tex 2019/04/04 v3.1.2 (3.1.2)
)
(/usr/local/texlive/2019/texmf-dist/tex/generic/pgf/basiclayer/pgfcorerdf.code.
tex
File: pgfcorerdf.code.tex 2019/04/04 v3.1.2 (3.1.2)
))) (/usr/local/texlive/2019/texmf-dist/tex/latex/pgf/utilities/xxcolor.sty
Package: xxcolor 2003/10/24 ver 0.1
\XC@nummixins=\count120
\XC@countmixins=\count121
) (/usr/local/texlive/2019/texmf-dist/tex/generic/oberdiek/atbegshi.sty
Package: atbegshi 2016/06/09 v1.18 At begin shipout hook (HO)

(/usr/local/texlive/2019/texmf-dist/tex/generic/oberdiek/infwarerr.sty
Package: infwarerr 2016/05/16 v1.4 Providing info/warning/error messages (HO)
)
(/usr/local/texlive/2019/texmf-dist/tex/generic/oberdiek/ltxcmds.sty
Package: ltxcmds 2016/05/16 v1.23 LaTeX kernel commands for general use (HO)
))
(/usr/local/texlive/2019/texmf-dist/tex/latex/hyperref/hyperref.sty
Package: hyperref 2018/11/30 v6.88e Hypertext links for LaTeX

(/usr/local/texlive/2019/texmf-dist/tex/generic/oberdiek/hobsub-hyperref.sty
Package: hobsub-hyperref 2016/05/16 v1.14 Bundle oberdiek, subset hyperref (HO)


(/usr/local/texlive/2019/texmf-dist/tex/generic/oberdiek/hobsub-generic.sty
Package: hobsub-generic 2016/05/16 v1.14 Bundle oberdiek, subset generic (HO)
Package: hobsub 2016/05/16 v1.14 Construct package bundles (HO)
Package hobsub Info: Skipping package `infwarerr' (already loaded).
Package hobsub Info: Skipping package `ltxcmds' (already loaded).
Package: ifluatex 2016/05/16 v1.4 Provides the ifluatex switch (HO)
Package ifluatex Info: LuaTeX not detected.
Package hobsub Info: Skipping package `ifvtex' (already loaded).
Package: intcalc 2016/05/16 v1.2 Expandable calculations with integers (HO)
Package hobsub Info: Skipping package `ifpdf' (already loaded).
Package: etexcmds 2016/05/16 v1.6 Avoid name clashes with e-TeX commands (HO)
Package: kvsetkeys 2016/05/16 v1.17 Key value parser (HO)
Package: kvdefinekeys 2016/05/16 v1.4 Define keys (HO)
Package: pdftexcmds 2018/09/10 v0.29 Utility functions of pdfTeX for LuaTeX (HO
)
Package pdftexcmds Info: LuaTeX not detected.
Package pdftexcmds Info: \pdf@primitive is available.
Package pdftexcmds Info: \pdf@ifprimitive is available.
Package pdftexcmds Info: \pdfdraftmode found.
Package: pdfescape 2016/05/16 v1.14 Implements pdfTeX's escape features (HO)
Package: bigintcalc 2016/05/16 v1.4 Expandable calculations on big integers (HO
)
Package: bitset 2016/05/16 v1.2 Handle bit-vector datatype (HO)
Package: uniquecounter 2016/05/16 v1.3 Provide unlimited unique counter (HO)
)
Package hobsub Info: Skipping package `hobsub' (already loaded).
Package: letltxmacro 2016/05/16 v1.5 Let assignment for LaTeX macros (HO)
Package: hopatch 2016/05/16 v1.3 Wrapper for package hooks (HO)
Package: xcolor-patch 2016/05/16 xcolor patch
Package: atveryend 2016/05/16 v1.9 Hooks at the very end of document (HO)
Package hobsub Info: Skipping package `atbegshi' (already loaded).
Package: refcount 2016/05/16 v3.5 Data extraction from label references (HO)
Package: hycolor 2016/05/16 v1.8 Color options for hyperref/bookmark (HO)
)
(/usr/local/texlive/2019/texmf-dist/tex/latex/oberdiek/auxhook.sty
Package: auxhook 2016/05/16 v1.4 Hooks for auxiliary files (HO)
)
(/usr/local/texlive/2019/texmf-dist/tex/latex/oberdiek/kvoptions.sty
Package: kvoptions 2016/05/16 v3.12 Key value format for package options (HO)
)
\@linkdim=\dimen163
\Hy@linkcounter=\count122
\Hy@pagecounter=\count123

(/usr/local/texlive/2019/texmf-dist/tex/latex/hyperref/pd1enc.def
File: pd1enc.def 2018/11/30 v6.88e Hyperref: PDFDocEncoding definition (HO)
Now handling font encoding PD1 ...
... no UTF-8 mapping file for font encoding PD1
)
\Hy@SavedSpaceFactor=\count124

(/usr/local/texlive/2019/texmf-dist/tex/latex/latexconfig/hyperref.cfg
File: hyperref.cfg 2002/06/06 v1.2 hyperref configuration of TeXLive
)
Package hyperref Info: Option `bookmarks' set `true' on input line 4393.
Package hyperref Info: Option `bookmarksopen' set `true' on input line 4393.
Package hyperref Info: Option `implicit' set `false' on input line 4393.
Package hyperref Info: Hyper figures OFF on input line 4519.
Package hyperref Info: Link nesting OFF on input line 4524.
Package hyperref Info: Hyper index ON on input line 4527.
Package hyperref Info: Plain pages OFF on input line 4534.
Package hyperref Info: Backreferencing OFF on input line 4539.
Package hyperref Info: Implicit mode OFF; no redefinition of LaTeX internals.
Package hyperref Info: Bookmarks ON on input line 4772.
\c@Hy@tempcnt=\count125

(/usr/local/texlive/2019/texmf-dist/tex/latex/url/url.sty
\Urlmuskip=\muskip10
Package: url 2013/09/16  ver 3.4  Verb mode for urls, etc.
)
LaTeX Info: Redefining \url on input line 5125.
\XeTeXLinkMargin=\dimen164
\Fld@menulength=\count126
\Field@Width=\dimen165
\Fld@charsize=\dimen166
Package hyperref Info: Hyper figures OFF on input line 6380.
Package hyperref Info: Link nesting OFF on input line 6385.
Package hyperref Info: Hyper index ON on input line 6388.
Package hyperref Info: backreferencing OFF on input line 6395.
Package hyperref Info: Link coloring OFF on input line 6400.
Package hyperref Info: Link coloring with OCG OFF on input line 6405.
Package hyperref Info: PDF/A mode OFF on input line 6410.
LaTeX Info: Redefining \ref on input line 6450.
LaTeX Info: Redefining \pageref on input line 6454.
\Hy@abspage=\count127


Package hyperref Message: Stopped early.

)
Package hyperref Info: Driver (autodetected): hpdftex.
 (/usr/local/texlive/2019/texmf-dist/tex/latex/hyperref/hpdftex.def
File: hpdftex.def 2018/11/30 v6.88e Hyperref driver for pdfTeX
\Fld@listcount=\count128
\c@bookmark@seq@number=\count129

(/usr/local/texlive/2019/texmf-dist/tex/latex/oberdiek/rerunfilecheck.sty
Package: rerunfilecheck 2016/05/16 v1.8 Rerun checks for auxiliary files (HO)
Package uniquecounter Info: New unique counter `rerunfilecheck' on input line 2
82.
))
(/usr/local/texlive/2019/texmf-dist/tex/latex/beamer/beamerbaserequires.sty
(/usr/local/texlive/2019/texmf-dist/tex/latex/beamer/beamerbasecompatibility.st
y) (/usr/local/texlive/2019/texmf-dist/tex/latex/beamer/beamerbasefont.sty
(/usr/local/texlive/2019/texmf-dist/tex/latex/amsfonts/amssymb.sty
Package: amssymb 2013/01/14 v3.01 AMS font symbols

(/usr/local/texlive/2019/texmf-dist/tex/latex/amsfonts/amsfonts.sty
Package: amsfonts 2013/01/14 v3.01 Basic AMSFonts support
\@emptytoks=\toks26
\symAMSa=\mathgroup4
\symAMSb=\mathgroup5
LaTeX Font Info:    Overwriting math alphabet `\mathfrak' in version `bold'
(Font)                  U/euf/m/n --> U/euf/b/n on input line 106.
))
(/usr/local/texlive/2019/texmf-dist/tex/latex/sansmathaccent/sansmathaccent.sty
Package: sansmathaccent 2013/03/28
(/usr/local/texlive/2019/texmf-dist/tex/latex/filehook/filehook.sty
Package: filehook 2011/10/12 v0.5d Hooks for input files
)))
(/usr/local/texlive/2019/texmf-dist/tex/latex/beamer/beamerbasetranslator.sty
(/usr/local/texlive/2019/texmf-dist/tex/latex/translator/translator.sty
Package: translator 2018/01/04 v1.12 Easy translation of strings in LaTeX
))
(/usr/local/texlive/2019/texmf-dist/tex/latex/beamer/beamerbasemisc.sty)
(/usr/local/texlive/2019/texmf-dist/tex/latex/beamer/beamerbasetwoscreens.sty)
(/usr/local/texlive/2019/texmf-dist/tex/latex/beamer/beamerbaseoverlay.sty
\beamer@argscount=\count130
\beamer@lastskipcover=\skip44
\beamer@trivlistdepth=\count131
)
(/usr/local/texlive/2019/texmf-dist/tex/latex/beamer/beamerbasetitle.sty)
(/usr/local/texlive/2019/texmf-dist/tex/latex/beamer/beamerbasesection.sty
\c@lecture=\count132
\c@part=\count133
\c@section=\count134
\c@subsection=\count135
\c@subsubsection=\count136
)
(/usr/local/texlive/2019/texmf-dist/tex/latex/beamer/beamerbaseframe.sty
\beamer@framebox=\box41
\beamer@frametitlebox=\box42
\beamer@zoombox=\box43
\beamer@zoomcount=\count137
\beamer@zoomframecount=\count138
\beamer@frametextheight=\dimen167
\c@subsectionslide=\count139
\beamer@frametopskip=\skip45
\beamer@framebottomskip=\skip46
\beamer@frametopskipautobreak=\skip47
\beamer@framebottomskipautobreak=\skip48
\beamer@envbody=\toks27
\framewidth=\dimen168
\c@framenumber=\count140
)
(/usr/local/texlive/2019/texmf-dist/tex/latex/beamer/beamerbaseverbatim.sty
\beamer@verbatimfileout=\write4
)
(/usr/local/texlive/2019/texmf-dist/tex/latex/beamer/beamerbaseframesize.sty
\beamer@splitbox=\box44
\beamer@autobreakcount=\count141
\beamer@autobreaklastheight=\dimen169
\beamer@frametitletoks=\toks28
\beamer@framesubtitletoks=\toks29
)
(/usr/local/texlive/2019/texmf-dist/tex/latex/beamer/beamerbaseframecomponents.
sty
\beamer@footins=\box45
) (/usr/local/texlive/2019/texmf-dist/tex/latex/beamer/beamerbasecolor.sty)
(/usr/local/texlive/2019/texmf-dist/tex/latex/beamer/beamerbasenotes.sty
\beamer@frameboxcopy=\box46
)
(/usr/local/texlive/2019/texmf-dist/tex/latex/beamer/beamerbasetoc.sty)
(/usr/local/texlive/2019/texmf-dist/tex/latex/beamer/beamerbasetemplates.sty
\beamer@sbttoks=\toks30

(/usr/local/texlive/2019/texmf-dist/tex/latex/beamer/beamerbaseauxtemplates.sty
(/usr/local/texlive/2019/texmf-dist/tex/latex/beamer/beamerbaseboxes.sty
\bmb@box=\box47
\bmb@colorbox=\box48
\bmb@boxshadow=\box49
\bmb@boxshadowball=\box50
\bmb@boxshadowballlarge=\box51
\bmb@temp=\dimen170
\bmb@dima=\dimen171
\bmb@dimb=\dimen172
\bmb@prevheight=\dimen173
)
\beamer@blockheadheight=\dimen174
))
(/usr/local/texlive/2019/texmf-dist/tex/latex/beamer/beamerbaselocalstructure.s
ty (/usr/local/texlive/2019/texmf-dist/tex/latex/tools/enumerate.sty
Package: enumerate 2015/07/23 v3.00 enumerate extensions (DPC)
\@enLab=\toks31
)
\c@figure=\count142
\c@table=\count143
\abovecaptionskip=\skip49
\belowcaptionskip=\skip50
)
(/usr/local/texlive/2019/texmf-dist/tex/latex/beamer/beamerbasenavigation.sty
\beamer@section@min@dim=\dimen175
)
(/usr/local/texlive/2019/texmf-dist/tex/latex/beamer/beamerbasetheorems.sty
(/usr/local/texlive/2019/texmf-dist/tex/latex/amsmath/amsmath.sty
Package: amsmath 2018/12/01 v2.17b AMS math features
\@mathmargin=\skip51

For additional information on amsmath, use the `?' option.
(/usr/local/texlive/2019/texmf-dist/tex/latex/amsmath/amstext.sty
Package: amstext 2000/06/29 v2.01 AMS text

(/usr/local/texlive/2019/texmf-dist/tex/latex/amsmath/amsgen.sty
File: amsgen.sty 1999/11/30 v2.0 generic functions
\@emptytoks=\toks32
\ex@=\dimen176
))
(/usr/local/texlive/2019/texmf-dist/tex/latex/amsmath/amsbsy.sty
Package: amsbsy 1999/11/29 v1.2d Bold Symbols
\pmbraise@=\dimen177
)
(/usr/local/texlive/2019/texmf-dist/tex/latex/amsmath/amsopn.sty
Package: amsopn 2016/03/08 v2.02 operator names
)
\inf@bad=\count144
LaTeX Info: Redefining \frac on input line 223.
\uproot@=\count145
\leftroot@=\count146
LaTeX Info: Redefining \overline on input line 385.
\classnum@=\count147
\DOTSCASE@=\count148
LaTeX Info: Redefining \ldots on input line 482.
LaTeX Info: Redefining \dots on input line 485.
LaTeX Info: Redefining \cdots on input line 606.
\Mathstrutbox@=\box52
\strutbox@=\box53
\big@size=\dimen178
LaTeX Font Info:    Redeclaring font encoding OML on input line 729.
LaTeX Font Info:    Redeclaring font encoding OMS on input line 730.
\macc@depth=\count149
\c@MaxMatrixCols=\count150
\dotsspace@=\muskip11
\c@parentequation=\count151
\dspbrk@lvl=\count152
\tag@help=\toks33
\row@=\count153
\column@=\count154
\maxfields@=\count155
\andhelp@=\toks34
\eqnshift@=\dimen179
\alignsep@=\dimen180
\tagshift@=\dimen181
\tagwidth@=\dimen182
\totwidth@=\dimen183
\lineht@=\dimen184
\@envbody=\toks35
\multlinegap=\skip52
\multlinetaggap=\skip53
\mathdisplay@stack=\toks36
LaTeX Info: Redefining \[ on input line 2844.
LaTeX Info: Redefining \] on input line 2845.
)
(/usr/local/texlive/2019/texmf-dist/tex/latex/amscls/amsthm.sty
Package: amsthm 2017/10/31 v2.20.4
\thm@style=\toks37
\thm@bodyfont=\toks38
\thm@headfont=\toks39
\thm@notefont=\toks40
\thm@headpunct=\toks41
\thm@preskip=\skip54
\thm@postskip=\skip55
\thm@headsep=\skip56
\dth@everypar=\toks42
)
\c@theorem=\count156
)
(/usr/local/texlive/2019/texmf-dist/tex/latex/beamer/beamerbasethemes.sty))
(/usr/local/texlive/2019/texmf-dist/tex/latex/beamer/beamerthemedefault.sty
(/usr/local/texlive/2019/texmf-dist/tex/latex/beamer/beamerfontthemedefault.sty
)
(/usr/local/texlive/2019/texmf-dist/tex/latex/beamer/beamercolorthemedefault.st
y)
(/usr/local/texlive/2019/texmf-dist/tex/latex/beamer/beamerinnerthemedefault.st
y
\beamer@dima=\dimen185
\beamer@dimb=\dimen186
)
(/usr/local/texlive/2019/texmf-dist/tex/latex/beamer/beamerouterthemedefault.st
y))) (/usr/local/texlive/2019/texmf-dist/tex/latex/base/inputenc.sty
Package: inputenc 2018/08/11 v1.3c Input encoding file
\inpenc@prehook=\toks43
\inpenc@posthook=\toks44
)
(/usr/local/texlive/2019/texmf-dist/tex/latex/graphics/epsfig.sty
Package: epsfig 2017/06/25 v1.7b (e)psfig emulation (SPQR)
\epsfxsize=\dimen187
\epsfysize=\dimen188
)
(/usr/local/texlive/2019/texmf-dist/tex/latex/jknapltx/mathrsfs.sty
Package: mathrsfs 1996/01/01 Math RSFS package v1.0 (jk)
\symrsfs=\mathgroup6
)
(/usr/local/texlive/2019/texmf-dist/tex/latex/floatflt/floatflt.sty
Package: floatflt 1997/07/16 v. 1.31
\c@OptionTest=\count157
\figbox=\box54
\tabbox=\box55
\pagebox=\box56
\ffigcount=\count158
\ftabcount=\count159
\fftest=\count160
\hangcount=\count161
\nosuccesstryfig=\count162
\nosuccesstrytab=\count163
\figgutter=\dimen189
\tabgutter=\dimen190
\htdone=\dimen191
\pageht=\dimen192
\startpageht=\dimen193
\tabbredd=\dimen194
\floatfltwidth=\dimen195
\fltitemwidth=\dimen196
\outputpretest=\toks45
)
(/usr/local/texlive/2019/texmf-dist/tex/latex/eepic/epic.sty
Enhancements to Picture Environment. Version 1.2 - Released June 1, 1986
\@@multicnt=\count164
\d@lta=\count165
\@delta=\dimen197
\@@delta=\dimen198
\@gridcnt=\count166
\@joinkind=\count167
\@dotgap=\dimen199
\@ddotgap=\dimen256
\@x@diff=\count168
\@y@diff=\count169
\x@diff=\dimen257
\y@diff=\dimen258
\@dotbox=\box57
\num@segments=\count170
\num@segmentsi=\count171
\@datafile=\read2
) (/usr/local/texlive/2019/texmf-dist/tex/latex/ecltree/ecltree.sty
ECL Tree graph macro by isozaki, Nov. 12, 1990 + 2e FIX
\@BundleWidth=\dimen259
\@BundleDepth=\dimen260
\@BundleHeight=\dimen261
\@NodeBox=\box58
\GapDepth=\dimen262
\GapWidth=\dimen263
\EdgeLabelSep=\dimen264
) (/usr/local/texlive/2019/texmf-dist/tex/latex/t2/mathtext.sty
Package: mathtext 2018/04/14 v1.0 transparent text-and-math defs
LaTeX Info: Redefining \halign on input line 121.
)
(/usr/local/texlive/2019/texmf-dist/tex/latex/fancybox/fancybox.sty
Package: fancybox 2010/05/15 1.4

Style option: `fancybox' v1.4 <2010/05/15> (tvz)
\@fancybox=\box59
\shadowsize=\dimen265
\@Sbox=\box60
\do@VerbBox=\toks46
\the@fancyput=\toks47
\this@fancyput=\toks48
\EndVerbatimTokens=\toks49
\Verbatim@Outfile=\write5
\Verbatim@Infile=\read3
) (/usr/local/texlive/2019/texmf-dist/tex/latex/fancyhdr/fancyhdr.sty
Package: fancyhdr 2019/01/31 v3.10 Extensive control of page headers and footer
s
\f@nch@headwidth=\skip57
\f@nch@O@elh=\skip58
\f@nch@O@erh=\skip59
\f@nch@O@olh=\skip60
\f@nch@O@orh=\skip61
\f@nch@O@elf=\skip62
\f@nch@O@erf=\skip63
\f@nch@O@olf=\skip64
\f@nch@O@orf=\skip65
)
(/usr/local/texlive/2019/texmf-dist/tex/latex/multirow/multirow.sty
Package: multirow 2019/01/01 v2.4 Span multiple rows of a table
\multirow@colwidth=\skip66
\multirow@cntb=\count172
\multirow@dima=\skip67
\bigstrutjot=\dimen266
)
(/usr/local/texlive/2019/texmf-dist/tex/latex/oberdiek/epstopdf.sty
Package: epstopdf 2016/05/15 v2.6 Conversion with epstopdf on the fly (HO)

(/usr/local/texlive/2019/texmf-dist/tex/latex/oberdiek/epstopdf-base.sty
Package: epstopdf-base 2016/05/15 v2.6 Base part for package epstopdf

(/usr/local/texlive/2019/texmf-dist/tex/latex/oberdiek/grfext.sty
Package: grfext 2016/05/16 v1.2 Manage graphics extensions (HO)
)
Package epstopdf-base Info: Redefining graphics rule for `.eps' on input line 4
38.
Package grfext Info: Graphics extension search list:
(grfext)             [.pdf,.png,.jpg,.mps,.jpeg,.jbig2,.jb2,.PDF,.PNG,.JPG,.JPE
G,.JBIG2,.JB2,.eps]
(grfext)             \AppendGraphicsExtensions on input line 456.

(/usr/local/texlive/2019/texmf-dist/tex/latex/latexconfig/epstopdf-sys.cfg
File: epstopdf-sys.cfg 2010/07/13 v1.3 Configuration of (r)epstopdf for TeX Liv
e
)))
(/usr/local/texlive/2019/texmf-dist/tex/latex/tools/multicol.sty
Package: multicol 2018/12/27 v1.8v multicolumn formatting (FMi)
\c@tracingmulticols=\count173
\mult@box=\box61
\multicol@leftmargin=\dimen267
\c@unbalance=\count174
\c@collectmore=\count175
\doublecol@number=\count176
\multicoltolerance=\count177
\multicolpretolerance=\count178
\full@width=\dimen268
\page@free=\dimen269
\premulticols=\dimen270
\postmulticols=\dimen271
\multicolsep=\skip68
\multicolbaselineskip=\skip69
\partial@page=\box62
\last@line=\box63
\maxbalancingoverflow=\dimen272
\mult@rightbox=\box64
\mult@grightbox=\box65
\mult@gfirstbox=\box66
\mult@firstbox=\box67
\@tempa=\box68
\@tempa=\box69
\@tempa=\box70
\@tempa=\box71
\@tempa=\box72
\@tempa=\box73
\@tempa=\box74
\@tempa=\box75
\@tempa=\box76
\@tempa=\box77
\@tempa=\box78
\@tempa=\box79
\@tempa=\box80
\@tempa=\box81
\@tempa=\box82
\@tempa=\box83
\@tempa=\box84
\c@columnbadness=\count179
\c@finalcolumnbadness=\count180
\last@try=\dimen273
\multicolovershoot=\dimen274
\multicolundershoot=\dimen275
\mult@nat@firstbox=\box85
\colbreak@box=\box86
\mc@col@check@num=\count181
)
(/usr/local/texlive/2019/texmf-dist/tex/latex/algorithms/algorithm.sty
Package: algorithm 2009/08/24 v0.1 Document Style `algorithm' - floating enviro
nment

(/usr/local/texlive/2019/texmf-dist/tex/latex/float/float.sty
Package: float 2001/11/08 v1.3d Float enhancements (AL)
\c@float@type=\count182
\float@exts=\toks50
\float@box=\box87
\@float@everytoks=\toks51
\@floatcapt=\box88
)
(/usr/local/texlive/2019/texmf-dist/tex/latex/base/ifthen.sty
Package: ifthen 2014/09/29 v1.1c Standard LaTeX ifthen package (DPC)
)
\@float@every@algorithm=\toks52
\c@algorithm=\count183
)
(/usr/local/texlive/2019/texmf-dist/tex/latex/algorithms/algorithmic.sty
Package: algorithmic 2009/08/24 v0.1 Document Style `algorithmic'
\c@ALC@unique=\count184
\c@ALC@line=\count185
\c@ALC@rem=\count186
\c@ALC@depth=\count187
\ALC@tlm=\skip70
\algorithmicindent=\skip71
)
(/usr/local/texlive/2019/texmf-dist/tex/latex/pgf/frontendlayer/tikz.sty
(/usr/local/texlive/2019/texmf-dist/tex/latex/pgf/basiclayer/pgf.sty
Package: pgf 2019/04/04 v3.1.2 (3.1.2)

(/usr/local/texlive/2019/texmf-dist/tex/generic/pgf/modules/pgfmoduleshapes.cod
e.tex
File: pgfmoduleshapes.code.tex 2019/04/04 v3.1.2 (3.1.2)
\pgfnodeparttextbox=\box89
)
(/usr/local/texlive/2019/texmf-dist/tex/generic/pgf/modules/pgfmoduleplot.code.
tex
File: pgfmoduleplot.code.tex 2019/04/04 v3.1.2 (3.1.2)
)
(/usr/local/texlive/2019/texmf-dist/tex/latex/pgf/compatibility/pgfcomp-version
-0-65.sty
Package: pgfcomp-version-0-65 2019/04/04 v3.1.2 (3.1.2)
\pgf@nodesepstart=\dimen276
\pgf@nodesepend=\dimen277
)
(/usr/local/texlive/2019/texmf-dist/tex/latex/pgf/compatibility/pgfcomp-version
-1-18.sty
Package: pgfcomp-version-1-18 2019/04/04 v3.1.2 (3.1.2)
))
(/usr/local/texlive/2019/texmf-dist/tex/latex/pgf/utilities/pgffor.sty
(/usr/local/texlive/2019/texmf-dist/tex/latex/pgf/utilities/pgfkeys.sty
(/usr/local/texlive/2019/texmf-dist/tex/generic/pgf/utilities/pgfkeys.code.tex)
) (/usr/local/texlive/2019/texmf-dist/tex/latex/pgf/math/pgfmath.sty
(/usr/local/texlive/2019/texmf-dist/tex/generic/pgf/math/pgfmath.code.tex))
(/usr/local/texlive/2019/texmf-dist/tex/generic/pgf/utilities/pgffor.code.tex
Package: pgffor 2019/04/04 v3.1.2 (3.1.2)

(/usr/local/texlive/2019/texmf-dist/tex/generic/pgf/math/pgfmath.code.tex)
\pgffor@iter=\dimen278
\pgffor@skip=\dimen279
\pgffor@stack=\toks53
\pgffor@toks=\toks54
))
(/usr/local/texlive/2019/texmf-dist/tex/generic/pgf/frontendlayer/tikz/tikz.cod
e.tex
Package: tikz 2019/04/04 v3.1.2 (3.1.2)

(/usr/local/texlive/2019/texmf-dist/tex/generic/pgf/libraries/pgflibraryplothan
dlers.code.tex
File: pgflibraryplothandlers.code.tex 2019/04/04 v3.1.2 (3.1.2)
\pgf@plot@mark@count=\count188
\pgfplotmarksize=\dimen280
)
\tikz@lastx=\dimen281
\tikz@lasty=\dimen282
\tikz@lastxsaved=\dimen283
\tikz@lastysaved=\dimen284
\tikzleveldistance=\dimen285
\tikzsiblingdistance=\dimen286
\tikz@figbox=\box90
\tikz@figbox@bg=\box91
\tikz@tempbox=\box92
\tikz@tempbox@bg=\box93
\tikztreelevel=\count189
\tikznumberofchildren=\count190
\tikznumberofcurrentchild=\count191
\tikz@fig@count=\count192

(/usr/local/texlive/2019/texmf-dist/tex/generic/pgf/modules/pgfmodulematrix.cod
e.tex
File: pgfmodulematrix.code.tex 2019/04/04 v3.1.2 (3.1.2)
\pgfmatrixcurrentrow=\count193
\pgfmatrixcurrentcolumn=\count194
\pgf@matrix@numberofcolumns=\count195
)
\tikz@expandcount=\count196

(/usr/local/texlive/2019/texmf-dist/tex/generic/pgf/frontendlayer/tikz/librarie
s/tikzlibrarytopaths.code.tex
File: tikzlibrarytopaths.code.tex 2019/04/04 v3.1.2 (3.1.2)
)))
(/usr/local/texlive/2019/texmf-dist/tex/latex/blindtext/blindtext.sty
Package: blindtext 2012/01/06 V2.0 blindtext-Package

(/usr/local/texlive/2019/texmf-dist/tex/latex/tools/xspace.sty
Package: xspace 2014/10/28 v1.13 Space after command names (DPC,MH)
)
\c@blindtext=\count197
\c@Blindtext=\count198
\c@blind@countparstart=\count199
\blind@countxx=\count266
\blindtext@numBlindtext=\count267
\blind@countyy=\count268
\c@blindlist=\count269
\c@blindlistlevel=\count270
\c@blindlist@level=\count271
\blind@listitem=\count272
\c@blind@listcount=\count273
\c@blind@levelcount=\count274
\blind@mathformula=\count275
\blind@Mathformula=\count276
\c@blind@randomcount=\count277
\c@blind@randommax=\count278
\c@blind@pangramcount=\count279
\c@blind@pangrammax=\count280
)
(../utils/newcommands.tex) (../utils/title.tex))

Package hyperref Warning: Token not allowed in a PDF string (PDFDocEncoding):
(hyperref)                removing `\new@ifnextchar' on input line 4.

(./Isachenko2021Supplementary.aux)
\openout1 = `Isachenko2021Supplementary.aux'.

LaTeX Font Info:    Checking defaults for OML/cmm/m/it on input line 4.
LaTeX Font Info:    ... okay on input line 4.
LaTeX Font Info:    Checking defaults for T1/cmr/m/n on input line 4.
LaTeX Font Info:    ... okay on input line 4.
LaTeX Font Info:    Checking defaults for OT1/cmr/m/n on input line 4.
LaTeX Font Info:    ... okay on input line 4.
LaTeX Font Info:    Checking defaults for OMS/cmsy/m/n on input line 4.
LaTeX Font Info:    ... okay on input line 4.
LaTeX Font Info:    Checking defaults for OMX/cmex/m/n on input line 4.
LaTeX Font Info:    ... okay on input line 4.
LaTeX Font Info:    Checking defaults for U/cmr/m/n on input line 4.
LaTeX Font Info:    ... okay on input line 4.
LaTeX Font Info:    Checking defaults for PD1/pdf/m/n on input line 4.
LaTeX Font Info:    ... okay on input line 4.

*geometry* driver: auto-detecting
*geometry* detected driver: pdftex
*geometry* verbose mode - [ preamble ] result:
* driver: pdftex
* paper: custom
* layout: <same size as paper>
* layoutoffset:(h,v)=(0.0pt,0.0pt)
* modes: includehead includefoot 
* h-part:(L,W,R)=(28.45274pt, 307.28987pt, 28.45274pt)
* v-part:(T,H,B)=(0.0pt, 273.14662pt, 0.0pt)
* \paperwidth=364.19536pt
* \paperheight=273.14662pt
* \textwidth=307.28987pt
* \textheight=244.6939pt
* \oddsidemargin=-43.81725pt
* \evensidemargin=-43.81725pt
* \topmargin=-72.26999pt
* \headheight=14.22636pt
* \headsep=0.0pt
* \topskip=11.0pt
* \footskip=14.22636pt
* \marginparwidth=4.0pt
* \marginparsep=10.0pt
* \columnsep=10.0pt
* \skip\footins=10.0pt plus 4.0pt minus 2.0pt
* \hoffset=0.0pt
* \voffset=0.0pt
* \mag=1000
* \@twocolumnfalse
* \@twosidefalse
* \@mparswitchfalse
* \@reversemarginfalse
* (1in=72.27pt=25.4mm, 1cm=28.453pt)

(/usr/local/texlive/2019/texmf-dist/tex/context/base/mkii/supp-pdf.mkii
[Loading MPS to PDF converter (version 2006.09.02).]
\scratchcounter=\count281
\scratchdimen=\dimen287
\scratchbox=\box94
\nofMPsegments=\count282
\nofMParguments=\count283
\everyMPshowfont=\toks55
\MPscratchCnt=\count284
\MPscratchDim=\dimen288
\MPnumerator=\count285
\makeMPintoPDFobject=\count286
\everyMPtoPDFconversion=\toks56
) ABD: EveryShipout initializing macros
\AtBeginShipoutBox=\box95
Package hyperref Info: Link coloring OFF on input line 4.

(/usr/local/texlive/2019/texmf-dist/tex/latex/hyperref/nameref.sty
Package: nameref 2016/05/21 v2.44 Cross-referencing by name of section

(/usr/local/texlive/2019/texmf-dist/tex/generic/oberdiek/gettitlestring.sty
Package: gettitlestring 2016/05/16 v1.5 Cleanup title references (HO)
)
\c@section@level=\count287
)
LaTeX Info: Redefining \ref on input line 4.
LaTeX Info: Redefining \pageref on input line 4.
LaTeX Info: Redefining \nameref on input line 4.

(./Isachenko2021Supplementary.out) (./Isachenko2021Supplementary.out)
\@outlinefile=\write6
\openout6 = `Isachenko2021Supplementary.out'.

LaTeX Font Info:    Overwriting symbol font `operators' in version `normal'
(Font)                  OT1/cmr/m/n --> OT1/cmss/m/n on input line 4.
LaTeX Font Info:    Overwriting symbol font `operators' in version `bold'
(Font)                  OT1/cmr/bx/n --> OT1/cmss/bx/n on input line 4.
\symnumbers=\mathgroup7
\sympureletters=\mathgroup8
LaTeX Font Info:    Overwriting math alphabet `\mathrm' in version `normal'
(Font)                  OT1/cmss/m/n --> OT1/cmr/m/n on input line 4.
LaTeX Font Info:    Redeclaring math alphabet \mathbf on input line 4.
LaTeX Font Info:    Overwriting math alphabet `\mathbf' in version `normal'
(Font)                  OT1/cmr/bx/n --> OT1/cmss/bx/n on input line 4.
LaTeX Font Info:    Overwriting math alphabet `\mathbf' in version `bold'
(Font)                  OT1/cmr/bx/n --> OT1/cmss/bx/n on input line 4.
LaTeX Font Info:    Redeclaring math alphabet \mathsf on input line 4.
LaTeX Font Info:    Overwriting math alphabet `\mathsf' in version `normal'
(Font)                  OT1/cmss/m/n --> OT1/cmss/m/n on input line 4.
LaTeX Font Info:    Overwriting math alphabet `\mathsf' in version `bold'
(Font)                  OT1/cmss/bx/n --> OT1/cmss/m/n on input line 4.
LaTeX Font Info:    Redeclaring math alphabet \mathit on input line 4.
LaTeX Font Info:    Overwriting math alphabet `\mathit' in version `normal'
(Font)                  OT1/cmr/m/it --> OT1/cmss/m/it on input line 4.
LaTeX Font Info:    Overwriting math alphabet `\mathit' in version `bold'
(Font)                  OT1/cmr/bx/it --> OT1/cmss/m/it on input line 4.
LaTeX Font Info:    Redeclaring math alphabet \mathtt on input line 4.
LaTeX Font Info:    Overwriting math alphabet `\mathtt' in version `normal'
(Font)                  OT1/cmtt/m/n --> OT1/cmtt/m/n on input line 4.
LaTeX Font Info:    Overwriting math alphabet `\mathtt' in version `bold'
(Font)                  OT1/cmtt/m/n --> OT1/cmtt/m/n on input line 4.
LaTeX Font Info:    Overwriting symbol font `numbers' in version `bold'
(Font)                  OT1/cmss/m/n --> OT1/cmss/bx/n on input line 4.
LaTeX Font Info:    Overwriting symbol font `pureletters' in version `bold'
(Font)                  OT1/cmss/m/it --> OT1/cmss/bx/it on input line 4.
LaTeX Font Info:    Overwriting math alphabet `\mathrm' in version `bold'
(Font)                  OT1/cmss/bx/n --> OT1/cmr/bx/n on input line 4.
LaTeX Font Info:    Overwriting math alphabet `\mathbf' in version `bold'
(Font)                  OT1/cmss/bx/n --> OT1/cmss/bx/n on input line 4.
LaTeX Font Info:    Overwriting math alphabet `\mathsf' in version `bold'
(Font)                  OT1/cmss/m/n --> OT1/cmss/bx/n on input line 4.
LaTeX Font Info:    Overwriting math alphabet `\mathit' in version `bold'
(Font)                  OT1/cmss/m/it --> OT1/cmss/bx/it on input line 4.
LaTeX Font Info:    Overwriting math alphabet `\mathtt' in version `bold'
(Font)                  OT1/cmtt/m/n --> OT1/cmtt/bx/n on input line 4.
LaTeX Font Info:    Redeclaring symbol font `pureletters' on input line 4.
LaTeX Font Info:    Overwriting symbol font `pureletters' in version `normal'
(Font)                  OT1/cmss/m/it --> OT1/mathkerncmss/m/sl on input line 4
.
LaTeX Font Info:    Overwriting symbol font `pureletters' in version `bold'
(Font)                  OT1/cmss/bx/it --> OT1/mathkerncmss/m/sl on input line 
4.
LaTeX Font Info:    Overwriting symbol font `pureletters' in version `bold'
(Font)                  OT1/mathkerncmss/m/sl --> OT1/mathkerncmss/bx/sl on inp
ut line 4.

(/usr/local/texlive/2019/texmf-dist/tex/latex/translator/translator-basic-dicti
onary-English.dict
Dictionary: translator-basic-dictionary, Language: English 
)
(/usr/local/texlive/2019/texmf-dist/tex/latex/translator/translator-bibliograph
y-dictionary-English.dict
Dictionary: translator-bibliography-dictionary, Language: English 
)
(/usr/local/texlive/2019/texmf-dist/tex/latex/translator/translator-environment
-dictionary-English.dict
Dictionary: translator-environment-dictionary, Language: English 
)
(/usr/local/texlive/2019/texmf-dist/tex/latex/translator/translator-months-dict
ionary-English.dict
Dictionary: translator-months-dictionary, Language: English 
)
(/usr/local/texlive/2019/texmf-dist/tex/latex/translator/translator-numbers-dic
tionary-English.dict
Dictionary: translator-numbers-dictionary, Language: English 
)
(/usr/local/texlive/2019/texmf-dist/tex/latex/translator/translator-theorem-dic
tionary-English.dict
Dictionary: translator-theorem-dictionary, Language: English 
) (./Isachenko2021Supplementary.nav)

LaTeX Font Warning: Font shape `OT1/cmss/m/n' in size <35> not available
(Font)              size <35.83> substituted on input line 9.


Overfull \vbox (2.48508pt too high) detected at line 9
 []

[1

{/usr/local/texlive/2019/texmf-var/fonts/map/pdftex/updmap/pdftex.map}]
[2

]
<figs/gatedpixelcnn.png, id=28, 835.12pt x 486.81876pt>
File: figs/gatedpixelcnn.png Graphic file (type png)
<use figs/gatedpixelcnn.png>
Package pdftex.def Info: figs/gatedpixelcnn.png  used on input line 23.
(pdftex.def)             Requested size: 153.64493pt x 89.56236pt.
<figs/gated_block.png, id=30, 788.9475pt x 332.24126pt>
File: figs/gated_block.png Graphic file (type png)
<use figs/gated_block.png>
Package pdftex.def Info: figs/gated_block.png  used on input line 23.
(pdftex.def)             Requested size: 153.64493pt x 64.70313pt.
 [3

 <./figs/gatedpixelcnn.png> <./figs/gated_block.png>]
<figs/pixelcnn_receptive_field.png, id=39, 413.545pt x 438.63875pt>
File: figs/pixelcnn_receptive_field.png Graphic file (type png)
<use figs/pixelcnn_receptive_field.png>
Package pdftex.def Info: figs/pixelcnn_receptive_field.png  used on input line 
41.
(pdftex.def)             Requested size: 138.2795pt x 146.67213pt.
<figs/gatedpixelcnn_receptive_field.png, id=40, 417.56pt x 443.6575pt>
File: figs/gatedpixelcnn_receptive_field.png Graphic file (type png)
<use figs/gatedpixelcnn_receptive_field.png>
Package pdftex.def Info: figs/gatedpixelcnn_receptive_field.png  used on input 
line 41.
(pdftex.def)             Requested size: 138.2795pt x 146.9219pt.
 [4

 <./figs/pixelcnn_receptive_field.png> <./figs/gatedpixelcnn_receptive_field.pn
g>]
LaTeX Font Info:    Try loading font information for U+msa on input line 52.

(/usr/local/texlive/2019/texmf-dist/tex/latex/amsfonts/umsa.fd
File: umsa.fd 2013/01/14 v3.01 AMS symbols A
)
LaTeX Font Info:    Try loading font information for U+msb on input line 52.

(/usr/local/texlive/2019/texmf-dist/tex/latex/amsfonts/umsb.fd
File: umsb.fd 2013/01/14 v3.01 AMS symbols B
)
LaTeX Font Info:    Try loading font information for U+rsfs on input line 52.

(/usr/local/texlive/2019/texmf-dist/tex/latex/jknapltx/ursfs.fd
File: ursfs.fd 1998/03/24 rsfs font definition file (jk)
)
LaTeX Font Info:    Try loading font information for OT1+mathkerncmss on input 
line 52.

(/usr/local/texlive/2019/texmf-dist/tex/latex/sansmathaccent/ot1mathkerncmss.fd
File: ot1mathkerncmss.fd 2013/03/27 Fontinst v1.933 font definitions for OT1/ma
thkerncmss.
) [5

] [6

] [7

] [8

] [9

] [10

] [11

]
Overfull \hbox (8.7034pt too wide) detected at line 161
\OT1/mathkerncmss/m/sl/10.95 q\OT1/cmss/m/n/10.95 (\OT1/cmss/bx/n/10.95 T\OT1/c
mss/m/n/10.95 ) = [] \OT1/mathkerncmss/m/sl/10.95 q[]\OT1/cmss/m/n/10.95 (\OT1/
cmss/bx/n/10.95 T[]\OT1/cmss/m/n/10.95 )\OML/cmm/m/it/10.95 ;  \OT1/cmss/bx/n/1
0.95 T \OT1/cmss/m/n/10.95 = [\OT1/cmss/bx/n/10.95 T[]\OML/cmm/m/it/10.95 ; [] 
; \OT1/cmss/bx/n/10.95 T[]\OT1/cmss/m/n/10.95 ]\OML/cmm/m/it/10.95 ;  \OT1/cmss
/bx/n/10.95 T[] \OT1/cmss/m/n/10.95 = \OMS/cmsy/m/n/10.95 f\OT1/cmss/bx/n/10.95
 t[]\OMS/cmsy/m/n/10.95 g[]\OML/cmm/m/it/10.95 ;  \OT1/cmss/bx/n/10.95 t[] \OT1
/cmss/m/n/10.95 = \OMS/cmsy/m/n/10.95 f\OT1/cmss/bx/n/10.95 T[]\OMS/cmsy/m/n/10
.95 g[]\OML/cmm/m/it/10.95 :
 []


Overfull \hbox (3.6905pt too wide) detected at line 161
 []$[]  \OMS/cmsy/m/n/9 L\OT1/cmss/m/n/9 (\OT1/mathkerncmss/m/sl/9 q\OT1/cmss/m
/n/9 ) = [] \OT1/mathkerncmss/m/sl/9 q\OT1/cmss/m/n/9 (\OT1/cmss/bx/n/9 T\OT1/c
mss/m/n/9 ) [] []\OT1/mathkerncmss/m/sl/9 d\OT1/cmss/bx/n/9 T \OT1/cmss/m/n/9 =
 [] [] [] [] [] \OT1/mathkerncmss/m/sl/9 d\OT1/cmss/bx/n/9 T[] \OT1/cmss/m/n/9 
=$ 
 []


Overfull \vbox (6.49393pt too high) detected at line 161
 []

[12

]
Overfull \vbox (2.41554pt too high) detected at line 189
 []

[13

] [14

] [15

]
Overfull \vbox (0.91432pt too high) detected at line 269
 []

[16

]
Overfull \hbox (3.82207pt too wide) detected at line 288
[]
 []

[17

]
Overfull \hbox (10.69336pt too wide) detected at line 309
 []$[]  \OMS/cmsy/m/n/10.95 L\OT1/cmss/m/n/10.95 (\OT1/mathkerncmss/m/sl/10.95 
q[]\OML/cmm/m/it/10.95 ; \OT1/mathkerncmss/m/sl/10.95 q[]\OT1/cmss/m/n/10.95 ) 
= [] \OML/cmm/m/it/10.95 ^^N\OT1/cmss/m/n/10.95 ([] \OMS/cmsy/m/n/10.95 ^^@ [][
]\OT1/cmss/m/n/10.95 ) [] [](\OT1/cmss/bx/n/10.95 X\OML/cmm/m/it/10.95 ; []\OT1
/cmss/m/n/10.95 )\OT1/mathkerncmss/m/sl/10.95 d[] \OT1/cmss/m/n/10.95 + [] = []
 [](\OT1/cmss/bx/n/10.95 X\OML/cmm/m/it/10.95 ; [][]\OT1/cmss/m/n/10.95 ) + []$
 
 []

[18

] [19

] [20

]
<figs/flows_1d.png, id=155, 685.56125pt x 245.91875pt>
File: figs/flows_1d.png Graphic file (type png)
<use figs/flows_1d.png>
Package pdftex.def Info: figs/flows_1d.png  used on input line 355.
(pdftex.def)             Requested size: 307.28987pt x 110.23088pt.
 [21

 <./figs/flows_1d.png>] [22

] [23

]
<figs/vae_0.png, id=174, 592.2125pt x 589.20125pt>
File: figs/vae_0.png Graphic file (type png)
<use figs/vae_0.png>
Package pdftex.def Info: figs/vae_0.png  used on input line 407.
(pdftex.def)             Requested size: 153.64493pt x 152.86505pt.
 [24

 <./figs/vae_0.png>]
[25

]
<figs/IWAE_3.png, id=189, 973.6375pt x 375.4025pt>
File: figs/IWAE_3.png Graphic file (type png)
<use figs/IWAE_3.png>
Package pdftex.def Info: figs/IWAE_3.png  used on input line 424.
(pdftex.def)             Requested size: 307.28987pt x 118.48154pt.
 [26

 <./figs/IWAE_3.png>] [27

]
<figs/PixelVAE_1.png, id=202, 515.9275pt x 435.6275pt>
File: figs/PixelVAE_1.png Graphic file (type png)
<use figs/PixelVAE_1.png>
Package pdftex.def Info: figs/PixelVAE_1.png  used on input line 439.
(pdftex.def)             Requested size: 215.10196pt x 181.61958pt.
 [28

 <./figs/PixelVAE_1.png>]
Overfull \vbox (1.78654pt too high) detected at line 465
 []

[29

] [30

]
<figs/resnet_block.png, id=222, 526.96875pt x 245.91875pt>
File: figs/resnet_block.png Graphic file (type png)
<use figs/resnet_block.png>
Package pdftex.def Info: figs/resnet_block.png  used on input line 489.
(pdftex.def)             Requested size: 122.91406pt x 57.35938pt.
 [31

 <./figs/resnet_block.png>]
<figs/revnet.png, id=232, 792.9625pt x 155.58125pt>
File: figs/revnet.png Graphic file (type png)
<use figs/revnet.png>
Package pdftex.def Info: figs/revnet.png  used on input line 511.
(pdftex.def)             Requested size: 307.28987pt x 60.29185pt.
 [32

 <./figs/revnet.png>]
<figs/revnet_results.png, id=241, 594.22pt x 178.6675pt>
File: figs/revnet_results.png Graphic file (type png)
<use figs/revnet_results.png>
Package pdftex.def Info: figs/revnet_results.png  used on input line 523.
(pdftex.def)             Requested size: 245.83282pt x 73.91661pt.
 [33

 <./figs/revnet_results.png>] [34

] [35

]
<figs/i-revnet.png, id=262, 862.22125pt x 278.03876pt>
File: figs/i-revnet.png Graphic file (type png)
<use figs/i-revnet.png>
Package pdftex.def Info: figs/i-revnet.png  used on input line 560.
(pdftex.def)             Requested size: 307.28987pt x 99.0884pt.
<figs/i-revnet_block.png, id=263, 680.5425pt x 149.55875pt>
File: figs/i-revnet_block.png Graphic file (type png)
<use figs/i-revnet_block.png>
Package pdftex.def Info: figs/i-revnet_block.png  used on input line 560.
(pdftex.def)             Requested size: 276.559pt x 60.77634pt.
 [36

 <./figs/i-revnet.png> <./figs/i-revnet_block.png>] [37

] [38

]
Overfull \hbox (2.35559pt too wide) detected at line 613
\OMS/cmsy/m/n/10.95 L\OT1/cmss/m/n/10.95 (\OT1/mathkerncmss/m/sl/10.95 q\OML/cm
m/m/it/10.95 ; []\OT1/cmss/m/n/10.95 ) = [] [] [] \OML/cmm/m/it/10.95 :
 []


Overfull \vbox (4.67404pt too high) detected at line 613
 []

[39

]
Overfull \hbox (1.3626pt too wide) detected at line 640
\OT1/mathkerncmss/m/sl/9 q\OT1/cmss/m/n/9 (\OT1/mathkerncmss/m/sl/9 i\OML/cmm/m
/it/9 ; \OT1/cmss/bx/n/9 z\OT1/cmss/m/n/9 ) = \OT1/mathkerncmss/m/sl/9 q\OT1/cm
ss/m/n/9 (\OT1/mathkerncmss/m/sl/9 i\OT1/cmss/m/n/9 )\OT1/mathkerncmss/m/sl/9 q
\OT1/cmss/m/n/9 (\OT1/cmss/bx/n/9 z\OMS/cmsy/m/n/9 j\OT1/mathkerncmss/m/sl/9 i\
OT1/cmss/m/n/9 );  \OT1/mathkerncmss/m/sl/9 p\OT1/cmss/m/n/9 (\OT1/mathkerncmss
/m/sl/9 i\OML/cmm/m/it/9 ; \OT1/cmss/bx/n/9 z\OT1/cmss/m/n/9 ) = \OT1/mathkernc
mss/m/sl/9 p\OT1/cmss/m/n/9 (\OT1/mathkerncmss/m/sl/9 i\OT1/cmss/m/n/9 )\OT1/ma
thkerncmss/m/sl/9 p\OT1/cmss/m/n/9 (\OT1/cmss/bx/n/9 z\OT1/cmss/m/n/9 );  \OT1/
mathkerncmss/m/sl/9 q\OT1/cmss/m/n/9 (\OT1/mathkerncmss/m/sl/9 i\OT1/cmss/m/n/9
 ) = \OT1/mathkerncmss/m/sl/9 p\OT1/cmss/m/n/9 (\OT1/mathkerncmss/m/sl/9 i\OT1/
cmss/m/n/9 ) = [];  \OT1/mathkerncmss/m/sl/9 q\OT1/cmss/m/n/9 (\OT1/cmss/bx/n/9
 z\OMS/cmsy/m/n/9 j\OT1/mathkerncmss/m/sl/9 i\OT1/cmss/m/n/9 ) = \OT1/mathkernc
mss/m/sl/9 q\OT1/cmss/m/n/9 (\OT1/cmss/bx/n/9 z\OMS/cmsy/m/n/9 j\OT1/cmss/bx/n/
9 x[]\OT1/cmss/m/n/9 )\OML/cmm/m/it/9 :
 []

[40

]
Overfull \vbox (1.95552pt too high) detected at line 663
 []

[41

] [42

]
<figs/posterior_collapse_toy_1.png, id=308, 367.3725pt x 322.20375pt>
File: figs/posterior_collapse_toy_1.png Graphic file (type png)
<use figs/posterior_collapse_toy_1.png>
Package pdftex.def Info: figs/posterior_collapse_toy_1.png  used on input line 
734.
(pdftex.def)             Requested size: 81.12527pt x 71.15053pt.
<figs/posterior_collapse_toy_3.png, id=309, 323.2075pt x 320.19624pt>
File: figs/posterior_collapse_toy_3.png Graphic file (type png)
<use figs/posterior_collapse_toy_3.png>
Package pdftex.def Info: figs/posterior_collapse_toy_3.png  used on input line 
734.
(pdftex.def)             Requested size: 76.05466pt x 75.34384pt.
<figs/posterior_collapse_toy_5.png, id=310, 320.19624pt x 327.2225pt>
File: figs/posterior_collapse_toy_5.png Graphic file (type png)
<use figs/posterior_collapse_toy_5.png>
Package pdftex.def Info: figs/posterior_collapse_toy_5.png  used on input line 
734.
(pdftex.def)             Requested size: 76.05466pt x 77.72113pt.
<figs/posterior_collapse_toy_2.png, id=311, 337.26pt x 326.21875pt>
File: figs/posterior_collapse_toy_2.png Graphic file (type png)
<use figs/posterior_collapse_toy_2.png>
Package pdftex.def Info: figs/posterior_collapse_toy_2.png  used on input line 
734.
(pdftex.def)             Requested size: 81.12527pt x 78.4683pt.
<figs/posterior_collapse_toy_4.png, id=312, 317.185pt x 324.21124pt>
File: figs/posterior_collapse_toy_4.png Graphic file (type png)
<use figs/posterior_collapse_toy_4.png>
Package pdftex.def Info: figs/posterior_collapse_toy_4.png  used on input line 
734.
(pdftex.def)             Requested size: 76.05466pt x 77.73807pt.
<figs/posterior_collapse_toy_6.png, id=313, 327.2225pt x 324.21124pt>
File: figs/posterior_collapse_toy_6.png Graphic file (type png)
<use figs/posterior_collapse_toy_6.png>
Package pdftex.def Info: figs/posterior_collapse_toy_6.png  used on input line 
734.
(pdftex.def)             Requested size: 76.05466pt x 75.35359pt.
 [43

 <./figs/posterior_collapse_toy_1.png> <./figs/posterior_collapse_toy_3.png> <.
/figs/posterior_collapse_toy_5.png> <./figs/posterior_collapse_toy_2.png> <./fi
gs/posterior_collapse_toy_4.png> <./figs/posterior_collapse_toy_6.png>] [44

] [45

]
<figs/VLAE_1.png, id=338, 468.75125pt x 173.64874pt>
File: figs/VLAE_1.png Graphic file (type png)
<use figs/VLAE_1.png>
Package pdftex.def Info: figs/VLAE_1.png  used on input line 776.
(pdftex.def)             Requested size: 153.64493pt x 56.9174pt.
<figs/VLAE_2.png, id=339, 541.02126pt x 332.24126pt>
File: figs/VLAE_2.png Graphic file (type png)
<use figs/VLAE_2.png>
Package pdftex.def Info: figs/VLAE_2.png  used on input line 776.
(pdftex.def)             Requested size: 153.64493pt x 94.35007pt.
 [46

 <./figs/VLAE_1.png> <./figs/VLAE_2.png>] [47

] [48

] [49

]
<figs/infogan_mnist.png, id=368, 1105.12875pt x 668.4975pt>
File: figs/infogan_mnist.png Graphic file (type png)
<use figs/infogan_mnist.png>
Package pdftex.def Info: figs/infogan_mnist.png  used on input line 838.
(pdftex.def)             Requested size: 307.28987pt x 185.87236pt.

[50

 <./figs/infogan_mnist.png>]
<figs/infogan_faces.png, id=377, 1094.0875pt x 669.50125pt>
File: figs/infogan_faces.png Graphic file (type png)
<use figs/infogan_faces.png>
Package pdftex.def Info: figs/infogan_faces.png  used on input line 849.
(pdftex.def)             Requested size: 307.28987pt x 188.04137pt.

Overfull \vbox (1.7516pt too high) detected at line 849
 []

[51

 <./figs/infogan_faces.png>] [52

]
Overfull \vbox (5.70898pt too high) detected at line 876
 []

[53

]
<figs/betaVAE_6.png, id=398, 1079.03125pt x 460.72125pt>
File: figs/betaVAE_6.png Graphic file (type png)
<use figs/betaVAE_6.png>
Package pdftex.def Info: figs/betaVAE_6.png  used on input line 891.
(pdftex.def)             Requested size: 307.28987pt x 131.2085pt.
 [54

 <./figs/betaVAE_6.png>]
<figs/betaVAE_7.png, id=406, 808.01875pt x 341.275pt>
File: figs/betaVAE_7.png Graphic file (type png)
<use figs/betaVAE_7.png>
Package pdftex.def Info: figs/betaVAE_7.png  used on input line 907.
(pdftex.def)             Requested size: 276.559pt x 116.80786pt.
 [55

 <./figs/betaVAE_7.png>]
<figs/betaVAE_8.png, id=415, 826.08624pt x 497.86pt>
File: figs/betaVAE_8.png Graphic file (type png)
<use figs/betaVAE_8.png>
Package pdftex.def Info: figs/betaVAE_8.png  used on input line 923.
(pdftex.def)             Requested size: 215.10196pt x 129.63046pt.
 [56

 <./figs/betaVAE_8.png>]
<figs/betaVAE_9.png, id=423, 1051.93pt x 600.2425pt>
File: figs/betaVAE_9.png Graphic file (type png)
<use figs/betaVAE_9.png>
Package pdftex.def Info: figs/betaVAE_9.png  used on input line 932.
(pdftex.def)             Requested size: 307.28987pt x 175.33896pt.
 [57

 <./figs/betaVAE_9.png>] [58

] [59

] [60

] [61

]
<figs/factorvae_1.png, id=455, 589.20125pt x 713.66624pt>
File: figs/factorvae_1.png Graphic file (type png)
<use figs/factorvae_1.png>
Package pdftex.def Info: figs/factorvae_1.png  used on input line 1029.
(pdftex.def)             Requested size: 153.64493pt x 186.10422pt.
<figs/factorvae_2.png, id=456, 939.51pt x 644.4075pt>
File: figs/factorvae_2.png Graphic file (type png)
<use figs/factorvae_2.png>
Package pdftex.def Info: figs/factorvae_2.png  used on input line 1029.
(pdftex.def)             Requested size: 153.64493pt x 105.3787pt.
 [62

 <./figs/factorvae_1.png> <./figs/factorvae_2.png>] [63

]
Overfull \vbox (0.40007pt too high) detected at line 1064
 []

[64

] [65

] [66

]
<figs/Vanila_gan_results.png, id=491, 527.9725pt x 385.44pt>
File: figs/Vanila_gan_results.png Graphic file (type png)
<use figs/Vanila_gan_results.png>
Package pdftex.def Info: figs/Vanila_gan_results.png  used on input line 1095.
(pdftex.def)             Requested size: 291.92444pt x 213.11598pt.
 [67

 <./figs/Vanila_gan_results.png>]
<figs/dcgan_1.png, id=500, 1108.14pt x 445.665pt>
File: figs/dcgan_1.png Graphic file (type png)
<use figs/dcgan_1.png>
Package pdftex.def Info: figs/dcgan_1.png  used on input line 1117.
(pdftex.def)             Requested size: 245.83282pt x 98.86263pt.
 [68

 <./figs/dcgan_1.png>]
<figs/dcgan_results_1.png, id=509, 884.30376pt x 653.44125pt>
File: figs/dcgan_results_1.png Graphic file (type png)
<use figs/dcgan_results_1.png>
Package pdftex.def Info: figs/dcgan_results_1.png  used on input line 1127.
(pdftex.def)             Requested size: 245.83282pt x 181.64616pt.

[69

 <./figs/dcgan_results_1.png>]
<figs/dcgan_results_2.png, id=518, 864.73062pt x 605.76312pt>
File: figs/dcgan_results_2.png Graphic file (type png)
<use figs/dcgan_results_2.png>
Package pdftex.def Info: figs/dcgan_results_2.png  used on input line 1138.
(pdftex.def)             Requested size: 245.83282pt x 172.20985pt.
 [70

 <./figs/dcgan_results_2.png>]
<figs/dcgan_results_3.png, id=527, 879.285pt x 444.66125pt>
File: figs/dcgan_results_3.png Graphic file (type png)
<use figs/dcgan_results_3.png>
Package pdftex.def Info: figs/dcgan_results_3.png  used on input line 1149.
(pdftex.def)             Requested size: 307.28987pt x 155.39629pt.
 [71

 <./figs/dcgan_results_3.png>] [72

] [73

]
<figs/virtual_batch_norm.png, id=548, 416.05438pt x 109.91063pt>
File: figs/virtual_batch_norm.png Graphic file (type png)
<use figs/virtual_batch_norm.png>
Package pdftex.def Info: figs/virtual_batch_norm.png  used on input line 1185.
(pdftex.def)             Requested size: 171.23563pt x 45.23637pt.
 [74

 <./figs/virtual_batch_norm.png>] [75

]
<figs/wgan_pseudocode.png, id=561, 819.06pt x 480.79625pt>
File: figs/wgan_pseudocode.png Graphic file (type png)
<use figs/wgan_pseudocode.png>
Package pdftex.def Info: figs/wgan_pseudocode.png  used on input line 1197.
(pdftex.def)             Requested size: 307.28987pt x 180.38617pt.

[76

 <./figs/wgan_pseudocode.png>]
<figs/wgan_gp_pseudocode.png, id=569, 1539.7525pt x 813.0375pt>
File: figs/wgan_gp_pseudocode.png Graphic file (type png)
<use figs/wgan_gp_pseudocode.png>
Package pdftex.def Info: figs/wgan_gp_pseudocode.png  used on input line 1207.
(pdftex.def)             Requested size: 307.28987pt x 162.25725pt.
 [77

 <./figs/wgan_gp_pseudocode.png>] [78

]
<figs/stylegan_adain.png, id=582, 959.585pt x 386.44376pt>
File: figs/stylegan_adain.png Graphic file (type png)
<use figs/stylegan_adain.png>
Package pdftex.def Info: figs/stylegan_adain.png  used on input line 1225.
(pdftex.def)             Requested size: 307.28987pt x 123.75298pt.

Overfull \vbox (5.32571pt too high) detected at line 1225
 []

[79

 <./figs/stylegan_adain.png (PNG copy)>]
<figs/stylegan_input.png, id=591, 443.6575pt x 351.3125pt>
File: figs/stylegan_input.png Graphic file (type png)
<use figs/stylegan_input.png>
Package pdftex.def Info: figs/stylegan_input.png  used on input line 1237.
(pdftex.def)             Requested size: 169.01036pt x 133.82712pt.
 [80

 <./figs/stylegan_input.png (PNG copy)>]
<figs/stylegan_noise.png, id=599, 724.7075pt x 374.39874pt>
File: figs/stylegan_noise.png Graphic file (type png)
<use figs/stylegan_noise.png>
Package pdftex.def Info: figs/stylegan_noise.png  used on input line 1249.
(pdftex.def)             Requested size: 276.559pt x 142.87856pt.

Overfull \vbox (1.85129pt too high) detected at line 1249
 []

[81

 <./figs/stylegan_noise.png (PNG copy)>]
<figs/stylegan_mix_reg.jpeg, id=607, 1304.875pt x 831.105pt>
File: figs/stylegan_mix_reg.jpeg Graphic file (type jpg)
<use figs/stylegan_mix_reg.jpeg>
Package pdftex.def Info: figs/stylegan_mix_reg.jpeg  used on input line 1265.
(pdftex.def)             Requested size: 245.83282pt x 156.56734pt.

Overfull \vbox (1.55061pt too high) detected at line 1265
 []

[82

 <./figs/stylegan_mix_reg.jpeg>]
<figs/stylegan_scheme.png, id=615, 741.77126pt x 635.37375pt>
File: figs/stylegan_scheme.png Graphic file (type png)
<use figs/stylegan_scheme.png>
Package pdftex.def Info: figs/stylegan_scheme.png  used on input line 1274.
(pdftex.def)             Requested size: 245.83282pt x 210.56592pt.
 [83

 <./figs/stylegan_scheme.png>]
<figs/stylegan_mix.png, id=625, 602.25pt x 684.5575pt>
File: figs/stylegan_mix.png Graphic file (type png)
<use figs/stylegan_mix.png>
Package pdftex.def Info: figs/stylegan_mix.png  used on input line 1283.
(pdftex.def)             Requested size: 184.3758pt x 209.57835pt.
 [84

 <./figs/stylegan_mix.png>] [85

]
Overfull \vbox (5.58772pt too high) detected at line 1328
 []

[86

] [87

]
<figs/vqvae_results.png, id=652, 1375.1375pt x 353.32pt>
File: figs/vqvae_results.png Graphic file (type png)
<use figs/vqvae_results.png>
Package pdftex.def Info: figs/vqvae_results.png  used on input line 1348.
(pdftex.def)             Requested size: 307.28987pt x 78.94905pt.

Overfull \vbox (4.79265pt too high) detected at line 1348
 []

[88

 <./figs/vqvae_results.png>]
<figs/vqvae2.png, id=660, 943.525pt x 333.245pt>
File: figs/vqvae2.png Graphic file (type png)
<use figs/vqvae2.png>
Package pdftex.def Info: figs/vqvae2.png  used on input line 1362.
(pdftex.def)             Requested size: 307.28987pt x 108.53215pt.
 [89

 <./figs/vqvae2.png>]
<figs/vqvae2_pseudo.png, id=669, 1027.84pt x 510.90875pt>
File: figs/vqvae2_pseudo.png Graphic file (type png)
<use figs/vqvae2_pseudo.png>
Package pdftex.def Info: figs/vqvae2_pseudo.png  used on input line 1375.
(pdftex.def)             Requested size: 276.559pt x 137.47165pt.
<figs/vqvae2_latents.png, id=670, 1009.7725pt x 295.1025pt>
File: figs/vqvae2_latents.png Graphic file (type png)
<use figs/vqvae2_latents.png>
Package pdftex.def Info: figs/vqvae2_latents.png  used on input line 1375.
(pdftex.def)             Requested size: 261.19826pt x 76.33308pt.

Overfull \vbox (1.44116pt too high) detected at line 1375
 []

[90

 <./figs/vqvae2_pseudo.png> <./figs/vqvae2_latents.png>] [91

]
<figs/fqgan.png, id=686, 945.5325pt x 307.1475pt>
File: figs/fqgan.png Graphic file (type png)
<use figs/fqgan.png>
Package pdftex.def Info: figs/fqgan.png  used on input line 1396.
(pdftex.def)             Requested size: 215.10196pt x 69.87381pt.
 [92

 <./figs/fqgan.png>]
<figs/fqgan_cnn.png, id=694, 1330.9725pt x 498.86375pt>
File: figs/fqgan_cnn.png Graphic file (type png)
<use figs/fqgan_cnn.png>
Package pdftex.def Info: figs/fqgan_cnn.png  used on input line 1420.
(pdftex.def)             Requested size: 199.73653pt x 74.85678pt.
<figs/fqgan_lookup.png, id=695, 865.2325pt x 649.42625pt>
File: figs/fqgan_lookup.png Graphic file (type png)
<use figs/fqgan_lookup.png>
Package pdftex.def Info: figs/fqgan_lookup.png  used on input line 1420.
(pdftex.def)             Requested size: 96.79733pt x 72.64606pt.
<figs/fqgan_features.png, id=696, 1374.13374pt x 297.11pt>
File: figs/fqgan_features.png Graphic file (type png)
<use figs/fqgan_features.png>
Package pdftex.def Info: figs/fqgan_features.png  used on input line 1420.
(pdftex.def)             Requested size: 307.28987pt x 66.43884pt.
 [93

 <./figs/fqgan_cnn.png> <./figs/fqgan_lookup.png> <./figs/fqgan_features.png>]
<figs/fqgan_results1.png, id=706, 700.6175pt x 305.14pt>
File: figs/fqgan_results1.png Graphic file (type png)
<use figs/fqgan_results1.png>
Package pdftex.def Info: figs/fqgan_results1.png  used on input line 1446.
(pdftex.def)             Requested size: 138.2795pt x 60.2214pt.
<figs/fqgan_results2.png, id=707, 596.2275pt x 148.555pt>
File: figs/fqgan_results2.png Graphic file (type png)
<use figs/fqgan_results2.png>
Package pdftex.def Info: figs/fqgan_results2.png  used on input line 1446.
(pdftex.def)             Requested size: 138.2795pt x 34.45253pt.
<figs/fqgan_results3.png, id=708, 523.9575pt x 378.41376pt>
File: figs/fqgan_results3.png Graphic file (type png)
<use figs/fqgan_results3.png>
Package pdftex.def Info: figs/fqgan_results3.png  used on input line 1446.
(pdftex.def)             Requested size: 169.01036pt x 122.05914pt.
 [94

 <./figs/fqgan_results1.png> <./figs/fqgan_results2.png> <./figs/fqgan_results3
.png>]
\tf@nav=\write7
\openout7 = `Isachenko2021Supplementary.nav'.

\tf@toc=\write8
\openout8 = `Isachenko2021Supplementary.toc'.

\tf@snm=\write9
\openout9 = `Isachenko2021Supplementary.snm'.

Package atveryend Info: Empty hook `BeforeClearDocument' on input line 1448.
Package atveryend Info: Empty hook `AfterLastShipout' on input line 1448.
 (./Isachenko2021Supplementary.aux)
Package atveryend Info: Executing hook `AtVeryEndDocument' on input line 1448.
Package atveryend Info: Executing hook `AtEndAfterFileList' on input line 1448.

Package rerunfilecheck Info: File `Isachenko2021Supplementary.out' has not chan
ged.
(rerunfilecheck)             Checksum: D41D8CD98F00B204E9800998ECF8427E;0.


LaTeX Font Warning: Size substitutions with differences
(Font)              up to 0.83pt have occurred.

 ) 
Here is how much of TeX's memory you used:
 22164 strings out of 492616
 428169 string characters out of 6129481
 505642 words of memory out of 5000000
 25301 multiletter control sequences out of 15000+600000
 37210 words of font info for 121 fonts, out of 8000000 for 9000
 1141 hyphenation exceptions out of 8191
 58i,16n,56p,846b,709s stack positions out of 5000i,500n,10000p,200000b,80000s
</usr/local/texlive/2019/texmf-dist/fonts/type1/public/amsfonts/cm/cmex10.pfb
></usr/local/texlive/2019/texmf-dist/fonts/type1/public/amsfonts/cmextra/cmex9.
pfb></usr/local/texlive/2019/texmf-dist/fonts/type1/public/amsfonts/cm/cmmi10.p
fb></usr/local/texlive/2019/texmf-dist/fonts/type1/public/amsfonts/cm/cmmi12.pf
b></usr/local/texlive/2019/texmf-dist/fonts/type1/public/amsfonts/cm/cmmi6.pfb>
</usr/local/texlive/2019/texmf-dist/fonts/type1/public/amsfonts/cm/cmmi7.pfb></
usr/local/texlive/2019/texmf-dist/fonts/type1/public/amsfonts/cm/cmmi8.pfb></us
r/local/texlive/2019/texmf-dist/fonts/type1/public/amsfonts/cm/cmmi9.pfb></usr/
local/texlive/2019/texmf-dist/fonts/type1/public/amsfonts/cm/cmmib10.pfb></usr/
local/texlive/2019/texmf-dist/fonts/type1/public/amsfonts/cmextra/cmmib8.pfb></
usr/local/texlive/2019/texmf-dist/fonts/type1/public/amsfonts/cmextra/cmmib9.pf
b></usr/local/texlive/2019/texmf-dist/fonts/type1/public/amsfonts/cm/cmss10.pfb
></usr/local/texlive/2019/texmf-dist/fonts/type1/public/amsfonts/cm/cmss12.pfb>
</usr/local/texlive/2019/texmf-dist/fonts/type1/public/amsfonts/cm/cmss17.pfb><
/usr/local/texlive/2019/texmf-dist/fonts/type1/public/amsfonts/cm/cmss8.pfb></u
sr/local/texlive/2019/texmf-dist/fonts/type1/public/amsfonts/cm/cmss9.pfb></usr
/local/texlive/2019/texmf-dist/fonts/type1/public/amsfonts/cm/cmssbx10.pfb></us
r/local/texlive/2019/texmf-dist/fonts/type1/public/amsfonts/cm/cmssi10.pfb></us
r/local/texlive/2019/texmf-dist/fonts/type1/public/amsfonts/cm/cmssi12.pfb></us
r/local/texlive/2019/texmf-dist/fonts/type1/public/amsfonts/cm/cmssi8.pfb></usr
/local/texlive/2019/texmf-dist/fonts/type1/public/amsfonts/cm/cmssi9.pfb></usr/
local/texlive/2019/texmf-dist/fonts/type1/public/amsfonts/cm/cmsy10.pfb></usr/l
ocal/texlive/2019/texmf-dist/fonts/type1/public/amsfonts/cm/cmsy6.pfb></usr/loc
al/texlive/2019/texmf-dist/fonts/type1/public/amsfonts/cm/cmsy8.pfb></usr/local
/texlive/2019/texmf-dist/fonts/type1/public/amsfonts/cm/cmsy9.pfb></usr/local/t
exlive/2019/texmf-dist/fonts/type1/public/amsfonts/symbols/msam10.pfb></usr/loc
al/texlive/2019/texmf-dist/fonts/type1/public/amsfonts/symbols/msbm10.pfb>
Output written on Isachenko2021Supplementary.pdf (94 pages, 28681869 bytes).
PDF statistics:
 849 PDF objects out of 1000 (max. 8388607)
 609 compressed objects within 7 object streams
 189 named destinations out of 1000 (max. 500000)
 313 words of extra memory for PDF output out of 10000 (max. 10000000)

